TN:
SF:../fee-hook/script/base/Config.sol
DA:37,18
FN:37,Config.constructor
FNDA:18,Config.constructor
DA:38,18
DA:39,18
DA:40,18
DA:41,18
DA:42,18
DA:43,18
DA:45,18
DA:46,18
DA:48,18
DA:49,18
DA:52,18
DA:53,18
DA:54,18
DA:55,18
DA:56,18
DA:58,18
DA:59,18
DA:60,18
DA:61,18
DA:63,18
DA:64,18
DA:67,18
DA:68,18
DA:69,18
DA:70,18
DA:71,18
DA:72,18
DA:74,18
DA:75,18
DA:76,18
DA:77,18
DA:78,18
DA:79,18
DA:81,18
DA:82,18
DA:83,18
DA:84,18
DA:85,18
DA:86,18
DA:88,18
DA:89,18
DA:90,18
DA:91,18
DA:92,18
DA:94,18
DA:95,18
DA:97,18
DA:98,18
DA:99,18
DA:100,18
DA:101,18
DA:102,18
DA:104,18
DA:105,18
DA:106,18
DA:107,18
DA:108,18
DA:109,18
DA:111,18
DA:112,18
DA:113,18
DA:114,18
DA:115,18
DA:116,18
DA:118,18
DA:119,18
DA:120,18
DA:121,18
DA:122,18
DA:123,18
DA:125,18
DA:126,18
DA:127,18
DA:128,18
DA:129,18
DA:130,18
DA:132,18
DA:133,18
DA:135,18
DA:136,18
FNF:1
FNH:1
LF:81
LH:81
BRF:0
BRH:0
end_of_record
TN:
SF:node_modules/@layerzerolabs/lz-evm-messagelib-v2/contracts/libs/ExecutorOptions.sol
DA:32,0
FN:32,ExecutorOptions.nextExecutorOption
FNDA:0,ExecutorOptions.nextExecutorOption
DA:38,0
DA:41,0
DA:42,0
DA:45,0
DA:48,0
DA:49,0
DA:50,0
DA:51,0
DA:55,0
FN:55,ExecutorOptions.decodeLzReceiveOption
FNDA:0,ExecutorOptions.decodeLzReceiveOption
DA:56,0
BRDA:56,0,0,-
DA:57,0
DA:58,0
DA:61,0
FN:61,ExecutorOptions.decodeNativeDropOption
FNDA:0,ExecutorOptions.decodeNativeDropOption
DA:62,0
BRDA:62,1,0,-
DA:63,0
DA:64,0
DA:67,0
FN:67,ExecutorOptions.decodeLzComposeOption
FNDA:0,ExecutorOptions.decodeLzComposeOption
DA:70,0
BRDA:70,2,0,-
DA:71,0
DA:72,0
DA:73,0
DA:76,0
FN:76,ExecutorOptions.decodeLzReadOption
FNDA:0,ExecutorOptions.decodeLzReadOption
DA:79,0
BRDA:79,3,0,-
DA:80,0
DA:81,0
DA:82,0
DA:85,0
FN:85,ExecutorOptions.encodeLzReceiveOption
FNDA:0,ExecutorOptions.encodeLzReceiveOption
DA:86,0
DA:89,0
FN:89,ExecutorOptions.encodeNativeDropOption
FNDA:0,ExecutorOptions.encodeNativeDropOption
DA:90,0
DA:93,0
FN:93,ExecutorOptions.encodeLzComposeOption
FNDA:0,ExecutorOptions.encodeLzComposeOption
DA:94,0
DA:97,0
FN:97,ExecutorOptions.encodeLzReadOption
FNDA:0,ExecutorOptions.encodeLzReadOption
DA:102,0
FNF:9
FNH:0
LF:35
LH:0
BRF:4
BRH:0
end_of_record
TN:
SF:node_modules/@layerzerolabs/lz-evm-messagelib-v2/contracts/uln/libs/DVNOptions.sol
DA:27,0
FN:27,DVNOptions.groupDVNOptionsByIdx
FNDA:0,DVNOptions.groupDVNOptionsByIdx
DA:30,0
DA:32,0
DA:35,0
BRDA:35,1,0,-
DA:36,0
DA:37,0
DA:39,0
DA:40,0
DA:41,0
DA:45,0
DA:46,0
DA:48,0
DA:49,0
DA:50,0
DA:52,0
DA:53,0
DA:56,0
DA:57,0
DA:60,0
DA:65,0
BRDA:65,2,0,-
BRDA:65,2,1,-
DA:66,0
DA:67,0
BRDA:67,3,0,-
DA:68,0
DA:69,0
DA:70,0
DA:73,0
DA:74,0
DA:77,0
DA:82,0
DA:83,0
DA:84,0
DA:87,0
DA:88,0
DA:93,0
FN:93,DVNOptions._insertDVNOptions
FNDA:0,DVNOptions._insertDVNOptions
DA:101,0
BRDA:101,4,0,-
DA:102,0
DA:104,0
DA:105,0
DA:106,0
BRDA:106,5,0,-
BRDA:106,5,1,-
DA:107,0
DA:108,0
DA:109,0
BRDA:109,6,0,-
DA:111,0
DA:112,0
DA:113,0
DA:120,0
FN:120,DVNOptions.getNumDVNs
FNDA:0,DVNOptions.getNumDVNs
DA:121,0
DA:122,0
DA:126,0
DA:127,0
DA:129,0
DA:130,0
DA:131,0
BRDA:131,7,0,-
DA:133,0
DA:141,0
BRDA:141,8,0,-
DA:142,0
BRDA:142,9,0,-
DA:143,0
DA:144,0
DA:147,0
DA:150,0
BRDA:150,10,0,-
DA:159,0
FN:159,DVNOptions.nextDVNOption
FNDA:0,DVNOptions.nextDVNOption
DA:165,0
DA:168,0
DA:169,0
DA:172,0
DA:175,0
DA:176,0
DA:177,0
DA:178,0
FNF:4
FNH:0
LF:69
LH:0
BRF:12
BRH:0
end_of_record
TN:
SF:node_modules/@layerzerolabs/lz-evm-protocol-v2/contracts/libs/CalldataBytesLib.sol
DA:6,0
FN:6,CalldataBytesLib.toU8
FNDA:0,CalldataBytesLib.toU8
DA:7,0
DA:10,0
FN:10,CalldataBytesLib.toU16
FNDA:0,CalldataBytesLib.toU16
DA:12,0
DA:13,0
DA:17,0
FN:17,CalldataBytesLib.toU32
FNDA:0,CalldataBytesLib.toU32
DA:19,0
DA:20,0
DA:24,0
FN:24,CalldataBytesLib.toU64
FNDA:0,CalldataBytesLib.toU64
DA:26,0
DA:27,0
DA:31,0
FN:31,CalldataBytesLib.toU128
FNDA:0,CalldataBytesLib.toU128
DA:33,0
DA:34,0
DA:38,0
FN:38,CalldataBytesLib.toU256
FNDA:0,CalldataBytesLib.toU256
DA:40,0
DA:41,0
DA:45,0
FN:45,CalldataBytesLib.toAddr
FNDA:0,CalldataBytesLib.toAddr
DA:47,0
DA:48,0
DA:52,0
FN:52,CalldataBytesLib.toB32
FNDA:0,CalldataBytesLib.toB32
DA:54,0
DA:55,0
FNF:8
FNH:0
LF:23
LH:0
BRF:0
BRH:0
end_of_record
TN:
SF:node_modules/@layerzerolabs/lz-evm-protocol-v2/contracts/messagelib/libs/BitMaps.sol
DA:14,0
FN:14,BitMaps.get
FNDA:0,BitMaps.get
DA:15,0
DA:16,0
DA:22,0
FN:22,BitMaps.set
FNDA:0,BitMaps.set
DA:23,0
DA:24,0
FNF:2
FNH:0
LF:6
LH:0
BRF:0
BRH:0
end_of_record
TN:
SF:node_modules/@layerzerolabs/oapp-evm/contracts/oapp/OApp.sol
DA:30,0
FN:30,OApp.oAppVersion
FNDA:0,OApp.oAppVersion
DA:37,0
FNF:1
FNH:0
LF:2
LH:0
BRF:0
BRH:0
end_of_record
TN:
SF:node_modules/@layerzerolabs/oapp-evm/contracts/oapp/OAppCore.sol
DA:26,0
FN:26,OAppCore.constructor
FNDA:0,OAppCore.constructor
DA:27,0
DA:29,0
BRDA:29,0,0,-
DA:30,0
DA:43,0
FN:43,OAppCore.setPeer
FNDA:0,OAppCore.setPeer
DA:44,0
DA:56,0
FN:56,OAppCore._setPeer
FNDA:0,OAppCore._setPeer
DA:57,0
DA:58,0
DA:67,0
FN:67,OAppCore._getPeerOrRevert
FNDA:0,OAppCore._getPeerOrRevert
DA:68,0
DA:69,0
BRDA:69,1,0,-
DA:70,0
DA:80,0
FN:80,OAppCore.setDelegate
FNDA:0,OAppCore.setDelegate
DA:81,0
FNF:5
FNH:0
LF:15
LH:0
BRF:2
BRH:0
end_of_record
TN:
SF:node_modules/@layerzerolabs/oapp-evm/contracts/oapp/OAppReceiver.sol
DA:29,0
FN:29,OAppReceiver.oAppVersion
FNDA:0,OAppReceiver.oAppVersion
DA:30,0
DA:46,0
FN:46,OAppReceiver.isComposeMsgSender
FNDA:0,OAppReceiver.isComposeMsgSender
DA:51,0
DA:63,0
FN:63,OAppReceiver.allowInitializePath
FNDA:0,OAppReceiver.allowInitializePath
DA:64,0
DA:78,0
FN:78,OAppReceiver.nextNonce
FNDA:0,OAppReceiver.nextNonce
DA:79,0
DA:95,0
FN:95,OAppReceiver.lzReceive
FNDA:0,OAppReceiver.lzReceive
DA:103,0
BRDA:103,0,0,-
DA:106,0
BRDA:106,1,0,-
DA:109,0
FNF:5
FNH:0
LF:12
LH:0
BRF:2
BRH:0
end_of_record
TN:
SF:node_modules/@layerzerolabs/oapp-evm/contracts/oapp/OAppSender.sol
DA:33,0
FN:33,OAppSender.oAppVersion
FNDA:0,OAppSender.oAppVersion
DA:34,0
DA:47,0
FN:47,OAppSender._quote
FNDA:0,OAppSender._quote
DA:53,0
DA:54,0
DA:74,0
FN:74,OAppSender._lzSend
FNDA:0,OAppSender._lzSend
DA:82,0
DA:83,0
BRDA:83,0,0,-
DA:85,0
DA:87,0
DA:104,0
FN:104,OAppSender._payNative
FNDA:0,OAppSender._payNative
DA:105,0
BRDA:105,1,0,-
DA:106,0
DA:116,0
FN:116,OAppSender._payLzToken
FNDA:0,OAppSender._payLzToken
DA:118,0
DA:119,0
BRDA:119,2,0,-
DA:122,0
FNF:5
FNH:0
LF:17
LH:0
BRF:3
BRH:0
end_of_record
TN:
SF:node_modules/@layerzerolabs/oapp-evm/contracts/oapp/libs/OptionsBuilder.sol
DA:29,0
FN:29,OptionsBuilder.onlyType3
FNDA:0,OptionsBuilder.onlyType3
DA:30,0
BRDA:30,0,0,-
DA:38,0
FN:38,OptionsBuilder.newOptions
FNDA:0,OptionsBuilder.newOptions
DA:39,0
DA:53,0
FN:53,OptionsBuilder.addExecutorLzReceiveOption
FNDA:0,OptionsBuilder.addExecutorLzReceiveOption
DA:58,0
DA:59,0
DA:71,0
FN:71,OptionsBuilder.addExecutorNativeDropOption
FNDA:0,OptionsBuilder.addExecutorNativeDropOption
DA:76,0
DA:77,0
DA:89,0
FN:89,OptionsBuilder.addExecutorLzReadOption
FNDA:0,OptionsBuilder.addExecutorLzReadOption
DA:95,0
DA:96,0
DA:111,0
FN:111,OptionsBuilder.addExecutorLzComposeOption
FNDA:0,OptionsBuilder.addExecutorLzComposeOption
DA:117,0
DA:118,0
DA:126,0
FN:126,OptionsBuilder.addExecutorOrderedExecutionOption
FNDA:0,OptionsBuilder.addExecutorOrderedExecutionOption
DA:129,0
DA:138,0
FN:138,OptionsBuilder.addDVNPreCrimeOption
FNDA:0,OptionsBuilder.addDVNPreCrimeOption
DA:142,0
DA:152,0
FN:152,OptionsBuilder.addExecutorOption
FNDA:0,OptionsBuilder.addExecutorOption
DA:157,0
DA:158,0
DA:175,0
FN:175,OptionsBuilder.addDVNOption
FNDA:0,OptionsBuilder.addDVNOption
DA:181,0
DA:182,0
DA:197,0
FN:197,OptionsBuilder.encodeLegacyOptionsType1
FNDA:0,OptionsBuilder.encodeLegacyOptionsType1
DA:198,0
BRDA:198,1,0,-
DA:199,0
DA:209,0
FN:209,OptionsBuilder.encodeLegacyOptionsType2
FNDA:0,OptionsBuilder.encodeLegacyOptionsType2
DA:214,0
BRDA:214,2,0,-
DA:215,0
BRDA:215,3,0,-
DA:216,0
BRDA:216,4,0,-
DA:217,0
FNF:12
FNH:0
LF:34
LH:0
BRF:5
BRH:0
end_of_record
TN:
SF:node_modules/solidity-bytes-utils/contracts/BytesLib.sol
DA:13,0
FN:13,BytesLib.concat
FNDA:0,BytesLib.concat
DA:21,0
DA:26,0
DA:30,0
DA:31,0
DA:36,0
DA:39,0
DA:45,0
DA:47,0
DA:48,0
DA:49,0
DA:52,0
DA:58,0
DA:59,0
DA:63,0
DA:66,0
DA:70,0
DA:71,0
DA:72,0
DA:73,0
DA:74,0
DA:82,0
DA:88,0
DA:91,0
FN:91,BytesLib.concatStorage
FNDA:0,BytesLib.concatStorage
DA:96,0
DA:104,0
DA:105,0
DA:106,0
DA:111,0
DA:115,0
DA:142,0
DA:146,0
DA:147,0
DA:150,0
DA:161,0
DA:162,0
DA:163,0
DA:164,0
DA:166,0
DA:180,0
DA:181,0
DA:182,0
DA:183,0
DA:184,0
DA:187,0
DA:189,0
DA:191,0
DA:193,0
DA:195,0
DA:198,0
DA:202,0
DA:203,0
DA:204,0
DA:205,0
DA:206,0
DA:207,0
DA:209,0
DA:214,0
DA:215,0
DA:216,0
DA:217,0
DA:218,0
DA:221,0
DA:223,0
DA:228,0
FN:228,BytesLib.slice
FNDA:0,BytesLib.slice
DA:237,0
BRDA:237,0,0,-
BRDA:237,0,1,-
DA:238,0
BRDA:238,1,0,-
BRDA:238,1,1,-
DA:240,0
DA:244,0
DA:247,0
DA:257,0
DA:263,0
DA:264,0
DA:270,0
DA:271,0
DA:272,0
DA:273,0
DA:274,0
DA:277,0
DA:281,0
DA:284,0
DA:285,0
DA:288,0
DA:290,0
DA:294,0
DA:297,0
FN:297,BytesLib.toAddress
FNDA:0,BytesLib.toAddress
DA:298,0
BRDA:298,2,0,-
BRDA:298,2,1,-
DA:299,0
DA:302,0
DA:305,0
DA:308,0
FN:308,BytesLib.toUint8
FNDA:0,BytesLib.toUint8
DA:309,0
BRDA:309,3,0,-
BRDA:309,3,1,-
DA:310,0
DA:313,0
DA:316,0
DA:319,0
FN:319,BytesLib.toUint16
FNDA:0,BytesLib.toUint16
DA:320,0
BRDA:320,4,0,-
BRDA:320,4,1,-
DA:321,0
DA:324,0
DA:327,0
DA:330,0
FN:330,BytesLib.toUint32
FNDA:0,BytesLib.toUint32
DA:331,0
BRDA:331,5,0,-
BRDA:331,5,1,-
DA:332,0
DA:335,0
DA:338,0
DA:341,0
FN:341,BytesLib.toUint64
FNDA:0,BytesLib.toUint64
DA:342,0
BRDA:342,6,0,-
BRDA:342,6,1,-
DA:343,0
DA:346,0
DA:349,0
DA:352,0
FN:352,BytesLib.toUint96
FNDA:0,BytesLib.toUint96
DA:353,0
BRDA:353,7,0,-
BRDA:353,7,1,-
DA:354,0
DA:357,0
DA:360,0
DA:363,0
FN:363,BytesLib.toUint128
FNDA:0,BytesLib.toUint128
DA:364,0
BRDA:364,8,0,-
BRDA:364,8,1,-
DA:365,0
DA:368,0
DA:371,0
DA:374,0
FN:374,BytesLib.toUint256
FNDA:0,BytesLib.toUint256
DA:375,0
BRDA:375,9,0,-
BRDA:375,9,1,-
DA:376,0
DA:379,0
DA:382,0
DA:385,0
FN:385,BytesLib.toBytes32
FNDA:0,BytesLib.toBytes32
DA:386,0
BRDA:386,10,0,-
BRDA:386,10,1,-
DA:387,0
DA:390,0
DA:393,0
DA:396,0
FN:396,BytesLib.equal
FNDA:0,BytesLib.equal
DA:397,0
DA:400,0
DA:404,0
DA:409,0
DA:411,0
DA:412,0
DA:418,0
DA:419,0
DA:420,0
DA:421,0
DA:423,0
BRDA:423,11,0,-
DA:425,0
DA:426,0
DA:430,0
DA:432,0
DA:436,0
DA:439,0
FN:439,BytesLib.equalStorage
FNDA:0,BytesLib.equalStorage
DA:447,0
DA:451,0
DA:453,0
DA:454,0
DA:458,0
DA:462,0
BRDA:462,12,0,-
DA:464,0
DA:466,0
DA:468,0
BRDA:468,13,0,-
DA:470,0
DA:473,0
DA:478,0
DA:481,0
DA:482,0
DA:484,0
DA:485,0
DA:489,0
DA:490,0
DA:491,0
DA:492,0
DA:493,0
BRDA:493,14,0,-
DA:495,0
DA:496,0
DA:502,0
DA:504,0
DA:508,0
FNF:14
FNH:0
LF:174
LH:0
BRF:26
BRH:0
end_of_record
TN:
SF:script/CitizenRowController.s.sol
DA:12,0
FN:12,MyScript.run
FNDA:0,MyScript.run
DA:13,0
DA:14,0
DA:16,0
DA:17,0
DA:20,0
DA:22,0
DA:25,0
FNF:1
FNH:0
LF:8
LH:0
BRF:0
BRH:0
end_of_record
TN:
SF:script/CitizenTableV2.s.sol
DA:12,0
FN:12,MyScript.run
FNDA:0,MyScript.run
DA:13,0
DA:14,0
DA:16,0
DA:18,0
DA:19,0
DA:21,0
DA:23,0
DA:25,0
DA:27,0
FNF:1
FNH:0
LF:10
LH:0
BRF:0
BRH:0
end_of_record
TN:
SF:script/CrossChainMint.s.sol
DA:11,0
FN:11,MyScript.addressToBytes32
FNDA:0,MyScript.addressToBytes32
DA:12,0
DA:15,0
FN:15,MyScript.run
FNDA:0,MyScript.run
DA:16,0
DA:17,0
BRDA:17,0,0,-
BRDA:17,0,1,-
DA:18,0
DA:19,0
BRDA:19,1,0,-
BRDA:19,1,1,-
DA:20,0
DA:21,0
BRDA:21,2,0,-
BRDA:21,2,1,-
DA:22,0
DA:23,0
BRDA:23,3,0,-
BRDA:23,3,1,-
DA:24,0
DA:25,0
BRDA:25,4,0,-
DA:26,0
DA:28,0
DA:29,0
DA:31,0
DA:32,0
DA:34,0
DA:35,0
DA:37,0
DA:38,0
FNF:2
FNH:0
LF:22
LH:0
BRF:9
BRH:0
end_of_record
TN:
SF:script/CrossChainMinter.s.sol
DA:7,0
FN:7,MyScript.run
FNDA:0,MyScript.run
DA:8,0
DA:9,0
DA:10,0
DA:15,0
DA:16,0
DA:17,0
BRDA:17,0,0,-
BRDA:17,0,1,-
DA:18,0
DA:19,0
DA:20,0
BRDA:20,1,0,-
BRDA:20,1,1,-
DA:21,0
DA:22,0
DA:23,0
DA:24,0
BRDA:24,2,0,-
BRDA:24,2,1,-
DA:25,0
DA:26,0
DA:27,0
DA:28,0
BRDA:28,3,0,-
BRDA:28,3,1,-
DA:29,0
DA:30,0
DA:31,0
DA:32,0
BRDA:32,4,0,-
DA:33,0
DA:34,0
DA:35,0
DA:37,0
DA:38,0
FNF:1
FNH:0
LF:27
LH:0
BRF:9
BRH:0
end_of_record
TN:
SF:script/CrossChainMinterConnect.s.sol
DA:10,0
FN:10,MyScript.addressToBytes32
FNDA:0,MyScript.addressToBytes32
DA:11,0
DA:14,0
FN:14,MyScript.run
FNDA:0,MyScript.run
DA:15,0
DA:16,0
DA:17,0
DA:19,0
DA:20,0
DA:21,0
DA:22,0
DA:23,0
BRDA:23,0,0,-
BRDA:23,0,1,-
DA:24,0
DA:25,0
BRDA:25,1,0,-
BRDA:25,1,1,-
DA:26,0
DA:27,0
DA:28,0
DA:29,0
DA:30,0
BRDA:30,2,0,-
BRDA:30,2,1,-
DA:31,0
DA:32,0
DA:33,0
DA:34,0
DA:35,0
BRDA:35,3,0,-
BRDA:35,3,1,-
DA:36,0
DA:38,0
DA:39,0
DA:40,0
DA:41,0
BRDA:41,4,0,-
DA:42,0
DA:44,0
DA:45,0
DA:46,0
DA:51,0
FNF:2
FNH:0
LF:33
LH:0
BRF:9
BRH:0
end_of_record
TN:
SF:script/Distribution.s.sol
DA:7,0
FN:7,MyScript.run
FNDA:0,MyScript.run
DA:8,0
DA:9,0
DA:11,0
DA:13,0
FNF:1
FNH:0
LF:5
LH:0
BRF:0
BRH:0
end_of_record
TN:
SF:script/JobBoard.s.sol
DA:7,0
FN:7,MyScript.run
FNDA:0,MyScript.run
DA:8,0
DA:9,0
DA:11,0
DA:12,0
DA:14,0
FNF:1
FNH:0
LF:6
LH:0
BRF:0
BRH:0
end_of_record
TN:
SF:script/Marketplace.s.sol
DA:7,0
FN:7,MyScript.run
FNDA:0,MyScript.run
DA:8,0
DA:9,0
DA:11,0
DA:12,0
DA:14,0
FNF:1
FNH:0
LF:6
LH:0
BRF:0
BRH:0
end_of_record
TN:
SF:script/MissionCreator.s.sol
DA:8,0
FN:8,MyScript.run
FNDA:0,MyScript.run
DA:9,0
DA:10,0
DA:13,0
DA:14,0
DA:15,0
DA:16,0
DA:17,0
DA:18,0
DA:20,0
DA:22,0
DA:24,0
DA:25,0
DA:27,0
FNF:1
FNH:0
LF:14
LH:0
BRF:0
BRH:0
end_of_record
TN:
SF:script/MoonDAOTeamSepolia.s.sol
DA:23,0
FN:23,MyScript.run
FNDA:0,MyScript.run
DA:24,0
DA:25,0
DA:26,0
DA:28,0
DA:30,0
DA:32,0
DA:34,0
DA:36,0
DA:38,0
DA:40,0
DA:42,0
DA:44,0
DA:46,0
DA:48,0
DA:50,0
DA:51,0
DA:52,0
DA:54,0
DA:55,0
DA:56,0
DA:57,0
DA:58,0
DA:59,0
DA:60,0
DA:62,0
DA:63,0
DA:65,0
FNF:1
FNH:0
LF:28
LH:0
BRF:0
BRH:0
end_of_record
TN:
SF:script/MoonDaoCitizen.s.sol
DA:13,0
FN:13,MyScript.run
FNDA:0,MyScript.run
DA:14,0
DA:16,0
DA:17,0
DA:19,0
DA:21,0
DA:23,0
DA:25,0
DA:27,0
DA:29,0
DA:31,0
DA:33,0
DA:35,0
DA:37,0
DA:38,0
DA:39,0
DA:40,0
DA:41,0
DA:42,0
DA:43,0
DA:45,0
DA:46,0
DA:48,0
FNF:1
FNH:0
LF:23
LH:0
BRF:0
BRH:0
end_of_record
TN:
SF:script/MoonDaoEntity.s.sol
DA:16,0
FN:16,MyScript.run
FNDA:0,MyScript.run
DA:17,0
DA:18,0
DA:19,0
DA:21,0
DA:23,0
DA:25,0
DA:27,0
DA:29,0
DA:33,0
DA:35,0
DA:39,0
DA:41,0
DA:43,0
DA:47,0
DA:48,0
DA:50,0
DA:51,0
DA:53,0
DA:54,0
DA:56,0
FNF:1
FNH:0
LF:21
LH:0
BRF:0
BRH:0
end_of_record
TN:
SF:script/Project.s.sol
DA:7,0
FN:7,MyScript.run
FNDA:0,MyScript.run
DA:8,0
DA:9,0
DA:11,0
DA:13,0
FNF:1
FNH:0
LF:5
LH:0
BRF:0
BRH:0
end_of_record
TN:
SF:script/ProjectTeam.s.sol
DA:14,0
FN:14,MyScript.run
FNDA:0,MyScript.run
DA:15,0
DA:16,0
DA:17,0
DA:19,0
DA:21,0
DA:22,0
DA:23,0
DA:24,0
DA:25,0
DA:27,0
DA:29,0
DA:31,0
DA:33,0
DA:35,0
DA:37,0
DA:39,0
DA:41,0
DA:42,0
DA:44,0
DA:45,0
DA:47,0
DA:70,0
DA:72,0
BRDA:72,0,0,-
DA:73,0
DA:74,0
DA:77,0
FNF:1
FNH:0
LF:27
LH:0
BRF:1
BRH:0
end_of_record
TN:
SF:script/ProjectTeamCreator.s.sol
DA:14,0
FN:14,MyScript.run
FNDA:0,MyScript.run
DA:15,0
DA:16,0
DA:17,0
DA:20,0
DA:21,0
DA:22,0
DA:23,0
DA:24,0
DA:26,0
DA:29,0
DA:30,0
DA:32,0
DA:33,0
DA:34,0
DA:37,0
DA:39,0
DA:40,0
DA:42,0
DA:47,0
FNF:1
FNH:0
LF:20
LH:0
BRF:0
BRH:0
end_of_record
TN:
SF:script/SmartWalletWhitelist.s.sol
DA:7,0
FN:7,MyScript.run
FNDA:0,MyScript.run
DA:8,0
DA:9,0
DA:11,0
DA:13,0
FNF:1
FNH:0
LF:5
LH:0
BRF:0
BRH:0
end_of_record
TN:
SF:script/TeamCreator.s.sol
DA:22,0
FN:22,MyScript.run
FNDA:0,MyScript.run
DA:23,0
DA:24,0
DA:25,0
DA:27,0
DA:28,0
DA:29,0
DA:30,0
DA:32,0
DA:33,0
DA:35,0
DA:38,0
DA:40,0
FNF:1
FNH:0
LF:13
LH:0
BRF:0
BRH:0
end_of_record
TN:
SF:script/TeamTableV2.s.sol
DA:15,0
FN:15,MyScript.run
FNDA:0,MyScript.run
DA:16,0
DA:17,0
DA:19,0
DA:20,0
DA:22,0
FNF:1
FNH:0
LF:6
LH:0
BRF:0
BRH:0
end_of_record
TN:
SF:script/VMooneyFaucet.s.sol
DA:5,0
FN:5,VMooneyFaucetScript.run
FNDA:0,VMooneyFaucetScript.run
DA:6,0
DA:7,0
DA:8,0
FNF:1
FNH:0
LF:4
LH:0
BRF:0
BRH:0
end_of_record
TN:
SF:script/Whitelist.s.sol
DA:11,0
FN:11,MyScript.run
FNDA:0,MyScript.run
DA:12,0
DA:13,0
DA:15,0
DA:17,0
FNF:1
FNH:0
LF:5
LH:0
BRF:0
BRH:0
end_of_record
TN:
SF:src/CrossChainMinter.sol
DA:34,0
FN:34,CrossChainMinter.constructor
FNDA:0,CrossChainMinter.constructor
DA:35,0
DA:38,0
FN:38,CrossChainMinter.crossChainMint
FNDA:0,CrossChainMinter.crossChainMint
DA:52,0
DA:65,0
DA:74,0
FN:74,CrossChainMinter.setCitizenAddress
FNDA:0,CrossChainMinter.setCitizenAddress
DA:75,0
DA:78,0
FN:78,CrossChainMinter._lzReceive
FNDA:0,CrossChainMinter._lzReceive
DA:85,0
DA:96,0
DA:100,0
DA:101,0
FNF:4
FNH:0
LF:12
LH:0
BRF:0
BRH:0
end_of_record
TN:
SF:src/ERC5643.sol
DA:58,38
FN:58,MoonDAOTeam.constructor
FNDA:38,MoonDAOTeam.constructor
DA:61,38
DA:62,38
DA:63,38
DA:64,38
DA:67,0
FN:67,MoonDAOTeam.setDiscountList
FNDA:0,MoonDAOTeam.setDiscountList
DA:68,0
DA:71,1
FN:71,MoonDAOTeam._baseURI
FNDA:1,MoonDAOTeam._baseURI
DA:72,1
DA:76,0
FN:76,MoonDAOTeam.setBaseURI
FNDA:0,MoonDAOTeam.setBaseURI
DA:77,0
DA:81,0
FN:81,MoonDAOTeam.setURITemplate
FNDA:0,MoonDAOTeam.setURITemplate
DA:86,0
DA:88,0
DA:89,0
DA:93,1
FN:93,MoonDAOTeam.tokenURI
FNDA:1,MoonDAOTeam.tokenURI
DA:99,1
BRDA:99,0,0,-
DA:100,1
DA:101,1
DA:102,1
DA:105,0
FN:105,MoonDAOTeam.setTreasury
FNDA:0,MoonDAOTeam.setTreasury
DA:106,0
DA:109,34
FN:109,MoonDAOTeam.mintTo
FNDA:34,MoonDAOTeam.mintTo
DA:110,34
BRDA:110,1,0,-
BRDA:110,1,1,-
DA:112,34
DA:114,34
DA:115,34
DA:117,34
DA:118,34
DA:119,34
DA:120,34
DA:122,34
DA:124,34
DA:126,0
DA:134,0
FN:134,MoonDAOTeam.setPricePerSecond
FNDA:0,MoonDAOTeam.setPricePerSecond
DA:135,0
DA:144,0
FN:144,MoonDAOTeam.setDiscount
FNDA:0,MoonDAOTeam.setDiscount
DA:145,0
DA:153,38
FN:153,MoonDAOTeam.setMoonDaoCreator
FNDA:38,MoonDAOTeam.setMoonDaoCreator
DA:154,38
DA:161,44
FN:161,MoonDAOTeam.renewSubscription
FNDA:44,MoonDAOTeam.renewSubscription
DA:170,44
BRDA:170,2,0,1
BRDA:170,2,1,1
DA:171,1
DA:173,43
DA:174,1
BRDA:174,3,0,1
DA:175,1
DA:178,42
BRDA:178,4,0,1
DA:179,1
DA:182,41
DA:184,41
DA:187,1
FN:187,MoonDAOTeam.setMinimumRenewalDuration
FNDA:1,MoonDAOTeam.setMinimumRenewalDuration
DA:188,1
DA:191,1
FN:191,MoonDAOTeam.setMaximumRenewalDuration
FNDA:1,MoonDAOTeam.setMaximumRenewalDuration
DA:192,1
DA:195,4
FN:195,MoonDAOTeam.isManager
FNDA:4,MoonDAOTeam.isManager
DA:196,4
BRDA:196,5,0,-
DA:197,0
DA:200,4
BRDA:200,6,0,4
BRDA:200,6,1,-
DA:202,2
DA:203,2
DA:205,2
BRDA:205,7,0,-
BRDA:205,7,1,-
DA:207,0
DA:215,0
FN:215,MoonDAOTeam._canSetOwner
FNDA:0,MoonDAOTeam._canSetOwner
DA:216,0
DA:225,41
FN:225,MoonDAOTeam._extendSubscription
FNDA:41,MoonDAOTeam._extendSubscription
DA:229,41
BRDA:229,8,0,2
DA:230,2
DA:233,39
DA:234,39
DA:235,39
BRDA:235,9,0,34
BRDA:235,9,1,-
DA:236,34
DA:238,5
BRDA:238,10,0,-
DA:239,0
DA:241,5
DA:244,39
DA:246,34
DA:254,42
FN:254,MoonDAOTeam.getRenewalPrice
FNDA:42,MoonDAOTeam.getRenewalPrice
DA:255,42
DA:256,42
DA:262,3
FN:262,MoonDAOTeam.cancelSubscription
FNDA:3,MoonDAOTeam.cancelSubscription
DA:263,3
BRDA:263,11,0,1
DA:264,1
DA:267,2
DA:269,2
DA:275,4
FN:275,MoonDAOTeam.expiresAt
FNDA:4,MoonDAOTeam.expiresAt
DA:281,4
BRDA:281,12,0,1
DA:282,1
DA:284,3
DA:290,1
FN:290,MoonDAOTeam.isRenewable
FNDA:1,MoonDAOTeam.isRenewable
DA:296,1
BRDA:296,13,0,1
DA:297,1
DA:299,0
DA:307,5
FN:307,MoonDAOTeam._isRenewable
FNDA:5,MoonDAOTeam._isRenewable
DA:313,5
DA:319,1
FN:319,MoonDAOTeam._setMinimumRenewalDuration
FNDA:1,MoonDAOTeam._setMinimumRenewalDuration
DA:320,1
DA:326,1
FN:326,MoonDAOTeam._setMaximumRenewalDuration
FNDA:1,MoonDAOTeam._setMaximumRenewalDuration
DA:327,1
DA:337,3
FN:337,MoonDAOTeam._isApprovedOrOwner
FNDA:3,MoonDAOTeam._isApprovedOrOwner
DA:338,3
DA:339,3
DA:343,34
FN:343,MoonDAOTeam._beforeTokenTransfers
FNDA:34,MoonDAOTeam._beforeTokenTransfers
DA:344,34
BRDA:344,14,0,34
BRDA:344,14,1,-
DA:351,0
FN:351,MoonDAOTeam.supportsInterface
FNDA:0,MoonDAOTeam.supportsInterface
DA:358,0
DA:359,0
FNF:27
FNH:19
LF:106
LH:82
BRF:21
BRH:11
end_of_record
TN:
SF:src/ERC5643Citizen.sol
DA:55,0
FN:55,MoonDAOCitizen.constructor
FNDA:0,MoonDAOCitizen.constructor
DA:58,0
DA:59,0
DA:60,0
DA:61,0
DA:62,0
DA:64,0
DA:65,0
DA:68,0
FN:68,MoonDAOCitizen.setWhitelist
FNDA:0,MoonDAOCitizen.setWhitelist
DA:69,0
DA:72,0
FN:72,MoonDAOCitizen.setDiscountList
FNDA:0,MoonDAOCitizen.setDiscountList
DA:73,0
DA:76,0
FN:76,MoonDAOCitizen.setOpenAccess
FNDA:0,MoonDAOCitizen.setOpenAccess
DA:77,0
DA:80,0
FN:80,MoonDAOCitizen.getOwnedToken
FNDA:0,MoonDAOCitizen.getOwnedToken
DA:81,0
BRDA:81,0,0,-
DA:82,0
DA:84,0
DA:87,0
FN:87,MoonDAOCitizen.setTable
FNDA:0,MoonDAOCitizen.setTable
DA:88,0
DA:91,0
FN:91,MoonDAOCitizen._baseURI
FNDA:0,MoonDAOCitizen._baseURI
DA:92,0
DA:96,0
FN:96,MoonDAOCitizen.setBaseURI
FNDA:0,MoonDAOCitizen.setBaseURI
DA:97,0
DA:101,0
FN:101,MoonDAOCitizen.setURITemplate
FNDA:0,MoonDAOCitizen.setURITemplate
DA:106,0
DA:108,0
DA:109,0
DA:114,0
FN:114,MoonDAOCitizen.tokenURI
FNDA:0,MoonDAOCitizen.tokenURI
DA:120,0
BRDA:120,1,0,-
DA:121,0
DA:122,0
DA:123,0
DA:126,0
FN:126,MoonDAOCitizen.setTreasury
FNDA:0,MoonDAOCitizen.setTreasury
DA:127,0
DA:130,0
FN:130,MoonDAOCitizen.mintTo
FNDA:0,MoonDAOCitizen.mintTo
DA:132,0
BRDA:132,2,0,-
DA:133,0
BRDA:133,3,0,-
BRDA:133,3,1,-
DA:136,0
DA:138,0
DA:139,0
DA:141,0
DA:143,0
DA:146,0
FN:146,MoonDAOCitizen.recoverMintTo
FNDA:0,MoonDAOCitizen.recoverMintTo
DA:147,0
DA:148,0
DA:149,0
DA:150,0
DA:157,0
FN:157,MoonDAOCitizen.setPricePerSecond
FNDA:0,MoonDAOCitizen.setPricePerSecond
DA:158,0
DA:166,0
FN:166,MoonDAOCitizen.setDiscount
FNDA:0,MoonDAOCitizen.setDiscount
DA:167,0
DA:174,0
FN:174,MoonDAOCitizen.renewSubscription
FNDA:0,MoonDAOCitizen.renewSubscription
DA:183,0
BRDA:183,4,0,-
BRDA:183,4,1,-
DA:184,0
DA:186,0
DA:187,0
BRDA:187,5,0,-
DA:188,0
DA:191,0
BRDA:191,6,0,-
DA:192,0
DA:195,0
DA:197,0
DA:200,0
FN:200,MoonDAOCitizen.setMinimumRenewalDuration
FNDA:0,MoonDAOCitizen.setMinimumRenewalDuration
DA:201,0
DA:204,0
FN:204,MoonDAOCitizen.setMaximumRenewalDuration
FNDA:0,MoonDAOCitizen.setMaximumRenewalDuration
DA:205,0
DA:212,0
FN:212,MoonDAOCitizen._canSetOwner
FNDA:0,MoonDAOCitizen._canSetOwner
DA:213,0
DA:222,0
FN:222,MoonDAOCitizen._extendSubscription
FNDA:0,MoonDAOCitizen._extendSubscription
DA:226,0
BRDA:226,7,0,-
DA:227,0
DA:230,0
DA:231,0
DA:232,0
BRDA:232,8,0,-
BRDA:232,8,1,-
DA:233,0
DA:235,0
BRDA:235,9,0,-
DA:236,0
DA:238,0
DA:241,0
DA:243,0
DA:251,0
FN:251,MoonDAOCitizen._getRenewalPrice
FNDA:0,MoonDAOCitizen._getRenewalPrice
DA:257,0
DA:258,0
DA:259,0
DA:262,0
FN:262,MoonDAOCitizen.getRenewalPrice
FNDA:0,MoonDAOCitizen.getRenewalPrice
DA:263,0
DA:264,0
DA:270,0
FN:270,MoonDAOCitizen.cancelSubscription
FNDA:0,MoonDAOCitizen.cancelSubscription
DA:271,0
BRDA:271,10,0,-
DA:272,0
DA:275,0
DA:277,0
DA:283,0
FN:283,MoonDAOCitizen.expiresAt
FNDA:0,MoonDAOCitizen.expiresAt
DA:289,0
BRDA:289,11,0,-
DA:290,0
DA:292,0
DA:298,0
FN:298,MoonDAOCitizen.isRenewable
FNDA:0,MoonDAOCitizen.isRenewable
DA:304,0
BRDA:304,12,0,-
DA:305,0
DA:307,0
DA:315,0
FN:315,MoonDAOCitizen._isRenewable
FNDA:0,MoonDAOCitizen._isRenewable
DA:321,0
DA:327,0
FN:327,MoonDAOCitizen._setMinimumRenewalDuration
FNDA:0,MoonDAOCitizen._setMinimumRenewalDuration
DA:328,0
DA:334,0
FN:334,MoonDAOCitizen._setMaximumRenewalDuration
FNDA:0,MoonDAOCitizen._setMaximumRenewalDuration
DA:335,0
DA:345,0
FN:345,MoonDAOCitizen._isApprovedOrOwner
FNDA:0,MoonDAOCitizen._isApprovedOrOwner
DA:346,0
DA:347,0
DA:351,0
FN:351,MoonDAOCitizen._beforeTokenTransfers
FNDA:0,MoonDAOCitizen._beforeTokenTransfers
DA:352,0
BRDA:352,13,0,-
BRDA:352,13,1,-
DA:353,0
BRDA:353,14,0,-
BRDA:353,14,1,-
DA:354,0
BRDA:354,15,0,-
BRDA:354,15,1,-
DA:357,0
FN:357,MoonDAOCitizen._afterTokenTransfers
FNDA:0,MoonDAOCitizen._afterTokenTransfers
DA:358,0
BRDA:358,16,0,-
DA:359,0
DA:360,0
DA:362,0
DA:369,0
FN:369,MoonDAOCitizen.supportsInterface
FNDA:0,MoonDAOCitizen.supportsInterface
DA:376,0
DA:377,0
FNF:32
FNH:0
LF:121
LH:0
BRF:23
BRH:0
end_of_record
TN:
SF:src/ERC721URIStorage.sol
DA:26,0
FN:26,ERC721URIStorage.supportsInterface
FNDA:0,ERC721URIStorage.supportsInterface
DA:27,0
DA:33,0
FN:33,ERC721URIStorage.tokenURI
FNDA:0,ERC721URIStorage.tokenURI
DA:34,0
BRDA:34,0,0,-
DA:37,0
DA:38,0
DA:41,0
BRDA:41,1,0,-
DA:42,0
DA:45,0
BRDA:45,2,0,-
DA:46,0
DA:49,0
DA:57,0
FN:57,ERC721URIStorage._setTokenURI
FNDA:0,ERC721URIStorage._setTokenURI
DA:58,0
DA:59,0
FNF:3
FNH:0
LF:14
LH:0
BRF:3
BRH:0
end_of_record
TN:
SF:src/GnosisSafeProxy.sol
DA:20,22
FN:20,GnosisSafeProxy.constructor
FNDA:22,GnosisSafeProxy.constructor
DA:21,22
BRDA:21,0,0,-
BRDA:21,0,1,-
DA:22,22
DA:26,612
FN:26,GnosisSafeProxy.fallback
FNDA:612,GnosisSafeProxy.fallback
DA:29,0
DA:31,0
BRDA:31,1,0,-
DA:32,0
DA:33,0
DA:35,0
DA:36,0
DA:37,0
DA:38,0
BRDA:38,2,0,-
DA:39,0
DA:41,0
FNF:2
FNH:2
LF:14
LH:4
BRF:4
BRH:0
end_of_record
TN:
SF:src/GnosisSafeProxyFactory.sol
DA:11,22
FN:11,GnosisSafeProxyFactory.createProxy
FNDA:22,GnosisSafeProxyFactory.createProxy
DA:12,22
DA:13,22
DA:20,22
FNF:1
FNH:1
LF:4
LH:4
BRF:0
BRH:0
end_of_record
TN:
SF:src/LaunchPadApprovalHook.sol
DA:17,13
FN:17,LaunchPadApprovalHook.constructor
FNDA:13,LaunchPadApprovalHook.constructor
DA:24,13
DA:25,13
DA:26,13
DA:27,13
DA:28,13
DA:31,13
FN:31,LaunchPadApprovalHook.DURATION
FNDA:13,LaunchPadApprovalHook.DURATION
DA:32,13
DA:35,11
FN:35,LaunchPadApprovalHook.approvalStatusOf
FNDA:11,LaunchPadApprovalHook.approvalStatusOf
DA:40,11
DA:41,11
BRDA:41,0,0,3
BRDA:41,0,1,6
DA:42,3
DA:43,8
BRDA:43,1,0,2
BRDA:43,1,1,6
DA:44,2
DA:46,6
DA:50,13
FN:50,LaunchPadApprovalHook.supportsInterface
FNDA:13,LaunchPadApprovalHook.supportsInterface
DA:56,13
DA:57,13
DA:58,0
DA:61,11
FN:61,LaunchPadApprovalHook._totalFunding
FNDA:11,LaunchPadApprovalHook._totalFunding
DA:66,11
FNF:5
FNH:5
LF:21
LH:20
BRF:4
BRH:4
end_of_record
TN:
SF:src/LaunchPadPayHook.sol
DA:35,13
FN:35,LaunchPadPayHook.constructor
FNDA:13,LaunchPadPayHook.constructor
DA:43,13
DA:44,13
DA:45,13
DA:46,13
DA:47,13
DA:50,1
FN:50,LaunchPadPayHook.setFundingTurnedOff
FNDA:1,LaunchPadPayHook.setFundingTurnedOff
DA:51,1
DA:54,26
FN:54,LaunchPadPayHook._totalFunding
FNDA:26,LaunchPadPayHook._totalFunding
DA:55,26
DA:58,15
FN:58,LaunchPadPayHook.beforePayRecordedWith
FNDA:15,LaunchPadPayHook.beforePayRecordedWith
DA:59,1
BRDA:59,0,0,1
DA:60,1
DA:62,14
DA:63,14
BRDA:63,1,0,-
BRDA:63,1,1,-
DA:64,14
BRDA:64,2,0,1
DA:65,1
DA:67,13
DA:70,7
FN:70,LaunchPadPayHook.beforeCashOutRecordedWith
FNDA:7,LaunchPadPayHook.beforeCashOutRecordedWith
DA:77,7
DA:78,7
BRDA:78,3,0,-
DA:79,0
DA:81,7
BRDA:81,4,0,2
DA:82,2
DA:84,5
BRDA:84,5,0,1
DA:85,1
DA:92,4
DA:93,4
DA:94,4
DA:97,0
FN:97,LaunchPadPayHook.hasMintPermissionFor
FNDA:0,LaunchPadPayHook.hasMintPermissionFor
DA:98,0
DA:102,0
FN:102,LaunchPadPayHook.supportsInterface
FNDA:0,LaunchPadPayHook.supportsInterface
DA:103,0
DA:107,5
FN:107,LaunchPadPayHook.stage
FNDA:5,LaunchPadPayHook.stage
DA:108,5
DA:109,5
BRDA:109,6,0,5
BRDA:109,6,1,2
DA:110,5
BRDA:110,7,0,3
BRDA:110,7,1,2
DA:111,3
DA:113,2
DA:116,0
FNF:8
FNH:6
LF:40
LH:34
BRF:11
BRH:8
end_of_record
TN:
SF:src/Lock.sol
DA:13,0
FN:13,Lock.constructor
FNDA:0,Lock.constructor
DA:14,0
BRDA:14,0,0,-
BRDA:14,0,1,-
DA:19,0
DA:20,0
DA:23,0
FN:23,Lock.withdraw
FNDA:0,Lock.withdraw
DA:27,0
BRDA:27,1,0,-
BRDA:27,1,1,-
DA:28,0
BRDA:28,2,0,-
BRDA:28,2,1,-
DA:30,0
DA:32,0
FNF:2
FNH:0
LF:9
LH:0
BRF:6
BRH:0
end_of_record
TN:
SF:src/MissionCreator.sol
DA:49,18
FN:49,MissionCreator.constructor
FNDA:18,MissionCreator.constructor
DA:50,18
DA:51,18
DA:52,18
DA:53,18
DA:54,18
DA:55,18
DA:56,18
DA:57,18
DA:58,18
DA:59,18
DA:62,1
FN:62,MissionCreator.setJBController
FNDA:1,MissionCreator.setJBController
DA:63,1
DA:66,0
FN:66,MissionCreator.setJBProjects
FNDA:0,MissionCreator.setJBProjects
DA:67,0
DA:70,1
FN:70,MissionCreator.setJBMultiTerminal
FNDA:1,MissionCreator.setJBMultiTerminal
DA:71,1
DA:74,1
FN:74,MissionCreator.setMoonDAOTreasury
FNDA:1,MissionCreator.setMoonDAOTreasury
DA:75,1
DA:78,1
FN:78,MissionCreator.setMoonDAOTeam
FNDA:1,MissionCreator.setMoonDAOTeam
DA:79,1
DA:82,19
FN:82,MissionCreator.setMissionTable
FNDA:19,MissionCreator.setMissionTable
DA:83,19
DA:86,13
FN:86,MissionCreator.createMission
FNDA:13,MissionCreator.createMission
DA:88,13
BRDA:88,0,0,-
DA:89,0
BRDA:89,1,0,-
BRDA:89,1,1,-
DA:92,13
DA:93,13
DA:94,13
DA:95,13
DA:96,13
DA:97,13
DA:100,13
BRDA:100,2,0,-
DA:101,0
DA:103,13
DA:104,13
DA:110,13
DA:111,13
DA:112,13
DA:142,13
DA:173,13
DA:174,13
DA:178,13
DA:179,13
DA:183,13
DA:189,13
DA:196,13
DA:201,13
DA:209,13
DA:217,13
DA:225,13
DA:231,13
DA:240,13
DA:249,13
DA:259,13
DA:260,13
DA:265,13
DA:271,13
DA:279,13
DA:280,13
BRDA:280,3,0,13
DA:281,13
DA:283,13
DA:284,13
DA:285,13
DA:288,13
DA:290,13
DA:291,13
DA:292,13
DA:293,13
DA:294,13
DA:295,13
DA:296,13
DA:297,13
DA:299,13
DA:301,0
DA:304,5
FN:304,MissionCreator.stage
FNDA:5,MissionCreator.stage
DA:305,5
DA:306,5
DA:311,13
FN:311,MissionCreator.onERC721Received
FNDA:13,MissionCreator.onERC721Received
DA:317,13
FNF:10
FNH:9
LF:80
LH:75
BRF:5
BRH:1
end_of_record
TN:
SF:src/MoonDAOTeamCreator.sol
DA:39,22
FN:39,MoonDAOTeamCreator.constructor
FNDA:22,MoonDAOTeamCreator.constructor
DA:40,22
DA:41,22
DA:42,22
DA:43,22
DA:44,22
DA:45,22
DA:47,22
DA:48,22
DA:51,22
FN:51,MoonDAOTeamCreator.setMoonDaoTeamAdminHatId
FNDA:22,MoonDAOTeamCreator.setMoonDaoTeamAdminHatId
DA:52,22
DA:55,0
FN:55,MoonDAOTeamCreator.setMoonDaoTeamTable
FNDA:0,MoonDAOTeamCreator.setMoonDaoTeamTable
DA:56,0
DA:59,0
FN:59,MoonDAOTeamCreator.setWhitelist
FNDA:0,MoonDAOTeamCreator.setWhitelist
DA:60,0
DA:63,22
FN:63,MoonDAOTeamCreator.setOpenAccess
FNDA:22,MoonDAOTeamCreator.setOpenAccess
DA:64,22
DA:67,16
FN:67,MoonDAOTeamCreator.createMoonDAOTeam
FNDA:16,MoonDAOTeamCreator.createMoonDAOTeam
DA:69,16
BRDA:69,0,0,16
BRDA:69,0,1,-
DA:72,16
DA:73,16
DA:76,16
DA:77,16
DA:80,16
DA:82,16
DA:83,16
DA:86,16
DA:89,16
DA:92,16
DA:93,16
DA:96,16
DA:97,16
DA:98,16
DA:99,16
DA:100,16
DA:101,16
DA:102,16
DA:105,16
DA:107,16
DA:110,16
FN:110,MoonDAOTeamCreator.constructSafeCallData
FNDA:16,MoonDAOTeamCreator.constructSafeCallData
DA:111,16
DA:112,16
DA:113,16
DA:114,16
DA:115,16
DA:116,0
DA:118,16
DA:120,16
DA:138,0
FNF:7
FNH:5
LF:49
LH:43
BRF:2
BRH:1
end_of_record
TN:
SF:src/PassthroughModule.sol
DA:52,0
FN:52,PassthroughModule.CRITERION_HAT
FNDA:0,PassthroughModule.CRITERION_HAT
DA:53,0
DA:69,0
FN:69,PassthroughModule._setUp
FNDA:0,PassthroughModule._setUp
DA:86,0
FN:86,PassthroughModule.setHatWearerStatus
FNDA:0,PassthroughModule.setHatWearerStatus
DA:87,0
DA:101,0
FN:101,PassthroughModule.setHatStatus
FNDA:0,PassthroughModule.setHatStatus
DA:102,0
DA:110,0
FN:110,PassthroughModule.onlyWearer
FNDA:0,PassthroughModule.onlyWearer
DA:111,0
BRDA:111,0,0,-
FNF:5
FNH:0
LF:9
LH:0
BRF:1
BRH:0
end_of_record
TN:
SF:src/PaymentSplitter.sol
DA:51,16
FN:51,PaymentSplitter.constructor
FNDA:16,PaymentSplitter.constructor
DA:52,16
BRDA:52,0,0,-
BRDA:52,0,1,-
DA:53,16
BRDA:53,1,0,-
BRDA:53,1,1,-
DA:55,16
DA:56,32
DA:69,0
FN:69,PaymentSplitter.receive
FNDA:0,PaymentSplitter.receive
DA:70,0
DA:76,0
FN:76,PaymentSplitter.totalShares
FNDA:0,PaymentSplitter.totalShares
DA:77,0
DA:83,0
FN:83,PaymentSplitter.totalReleased
FNDA:0,PaymentSplitter.totalReleased
DA:84,0
DA:91,0
FN:91,PaymentSplitter.totalReleased
FNDA:0,PaymentSplitter.totalReleased
DA:92,0
DA:98,0
FN:98,PaymentSplitter.shares
FNDA:0,PaymentSplitter.shares
DA:99,0
DA:105,0
FN:105,PaymentSplitter.released
FNDA:0,PaymentSplitter.released
DA:106,0
DA:113,0
FN:113,PaymentSplitter.released
FNDA:0,PaymentSplitter.released
DA:114,0
DA:120,0
FN:120,PaymentSplitter.payee
FNDA:0,PaymentSplitter.payee
DA:121,0
DA:127,0
FN:127,PaymentSplitter.releasable
FNDA:0,PaymentSplitter.releasable
DA:128,0
DA:129,0
DA:136,0
FN:136,PaymentSplitter.releasable
FNDA:0,PaymentSplitter.releasable
DA:137,0
DA:138,0
DA:145,0
FN:145,PaymentSplitter.release
FNDA:0,PaymentSplitter.release
DA:146,0
BRDA:146,2,0,-
BRDA:146,2,1,-
DA:148,0
DA:150,0
BRDA:150,3,0,-
BRDA:150,3,1,-
DA:154,0
DA:156,0
DA:159,0
DA:160,0
DA:168,0
FN:168,PaymentSplitter.release
FNDA:0,PaymentSplitter.release
DA:169,0
BRDA:169,4,0,-
BRDA:169,4,1,-
DA:171,0
DA:173,0
BRDA:173,5,0,-
BRDA:173,5,1,-
DA:178,0
DA:180,0
DA:183,0
DA:184,0
DA:191,0
FN:191,PaymentSplitter._pendingPayment
FNDA:0,PaymentSplitter._pendingPayment
DA:196,0
DA:204,32
FN:204,PaymentSplitter._addPayee
FNDA:32,PaymentSplitter._addPayee
DA:205,32
BRDA:205,6,0,-
BRDA:205,6,1,-
DA:206,32
BRDA:206,7,0,-
BRDA:206,7,1,-
DA:207,32
BRDA:207,8,0,-
BRDA:207,8,1,-
DA:209,32
DA:210,32
DA:211,32
DA:212,32
FNF:15
FNH:2
LF:53
LH:13
BRF:18
BRH:0
end_of_record
TN:
SF:src/PoolDeployer.sol
DA:42,13
FN:42,PoolDeployer.constructor
FNDA:13,PoolDeployer.constructor
DA:43,13
DA:44,13
DA:50,13
FN:50,PoolDeployer.setToken
FNDA:13,PoolDeployer.setToken
DA:51,13
BRDA:51,0,0,-
BRDA:51,0,1,-
DA:52,13
DA:55,0
FN:55,PoolDeployer.setHookAddress
FNDA:0,PoolDeployer.setHookAddress
DA:56,0
DA:59,1
FN:59,PoolDeployer.createAndAddLiquidity
FNDA:1,PoolDeployer.createAndAddLiquidity
DA:60,1
DA:61,1
DA:62,1
BRDA:62,1,0,1
BRDA:62,1,1,1
DA:65,1
DA:66,1
DA:68,1
DA:69,1
DA:70,1
DA:71,1
DA:79,1
DA:80,1
DA:83,1
DA:91,1
DA:102,1
DA:103,1
DA:104,1
DA:109,1
DA:112,1
FN:112,PoolDeployer._mintLiquidityParams
FNDA:1,PoolDeployer._mintLiquidityParams
DA:122,1
DA:123,1
DA:124,1
DA:125,1
DA:126,1
FNF:5
FNH:4
LF:32
LH:30
BRF:4
BRH:2
end_of_record
TN:
SF:src/ProjectTeam.sol
DA:37,7
FN:37,ProjectTeam.constructor
FNDA:7,ProjectTeam.constructor
DA:40,7
DA:41,7
DA:45,0
FN:45,ProjectTeam._baseURI
FNDA:0,ProjectTeam._baseURI
DA:46,0
DA:50,0
FN:50,ProjectTeam.setBaseURI
FNDA:0,ProjectTeam.setBaseURI
DA:51,0
DA:55,0
FN:55,ProjectTeam.setURITemplate
FNDA:0,ProjectTeam.setURITemplate
DA:60,0
DA:62,0
DA:63,0
DA:67,0
FN:67,ProjectTeam.tokenURI
FNDA:0,ProjectTeam.tokenURI
DA:73,0
BRDA:73,0,0,-
DA:74,0
DA:75,0
DA:76,0
DA:79,6
FN:79,ProjectTeam.mintTo
FNDA:6,ProjectTeam.mintTo
DA:80,6
BRDA:80,1,0,-
BRDA:80,1,1,-
DA:82,6
DA:84,6
DA:86,6
DA:87,6
DA:88,6
DA:89,6
DA:91,6
DA:94,0
DA:104,7
FN:104,ProjectTeam.setProjectTeamCreator
FNDA:7,ProjectTeam.setProjectTeamCreator
DA:105,7
DA:109,2
FN:109,ProjectTeam.isManager
FNDA:2,ProjectTeam.isManager
DA:110,2
BRDA:110,2,0,-
DA:111,0
DA:114,2
BRDA:114,3,0,2
BRDA:114,3,1,-
DA:116,1
DA:117,1
DA:119,1
BRDA:119,4,0,-
BRDA:119,4,1,-
DA:121,0
DA:129,0
FN:129,ProjectTeam._canSetOwner
FNDA:0,ProjectTeam._canSetOwner
DA:130,0
DA:140,0
FN:140,ProjectTeam._isApprovedOrOwner
FNDA:0,ProjectTeam._isApprovedOrOwner
DA:141,0
DA:142,0
DA:146,6
FN:146,ProjectTeam._beforeTokenTransfers
FNDA:6,ProjectTeam._beforeTokenTransfers
DA:147,6
BRDA:147,5,0,6
BRDA:147,5,1,-
FNF:11
FNH:5
LF:43
LH:22
BRF:10
BRH:2
end_of_record
TN:
SF:src/ProjectTeamCreator.sol
DA:34,7
FN:34,ProjectTeamCreator.constructor
FNDA:7,ProjectTeamCreator.constructor
DA:35,7
DA:36,7
DA:37,7
DA:38,7
DA:39,7
DA:40,7
DA:42,7
DA:45,7
FN:45,ProjectTeamCreator.setProjectTeamAdminHatId
FNDA:7,ProjectTeamCreator.setProjectTeamAdminHatId
DA:46,7
DA:49,6
FN:49,ProjectTeamCreator.createProjectTeam
FNDA:6,ProjectTeamCreator.createProjectTeam
DA:50,6
DA:51,6
DA:54,6
DA:55,6
DA:56,6
DA:57,6
DA:58,6
DA:61,6
DA:63,6
DA:65,6
DA:68,6
DA:69,6
DA:70,12
DA:74,6
DA:77,6
DA:78,6
DA:82,6
DA:84,6
DA:87,6
FN:87,ProjectTeamCreator.constructSafeCallData
FNDA:6,ProjectTeamCreator.constructSafeCallData
DA:88,6
DA:90,6
DA:108,0
FNF:4
FNH:4
LF:33
LH:32
BRF:0
BRH:0
end_of_record
TN:
SF:src/SmartWalletWhitelist.sol
DA:19,0
FN:19,SmartWalletWhitelist.constructor
FNDA:0,SmartWalletWhitelist.constructor
DA:20,0
DA:21,0
DA:24,0
FN:24,SmartWalletWhitelist.commitSetChecker
FNDA:0,SmartWalletWhitelist.commitSetChecker
DA:25,0
BRDA:25,0,0,-
BRDA:25,0,1,-
DA:26,0
DA:29,0
FN:29,SmartWalletWhitelist.applySetChecker
FNDA:0,SmartWalletWhitelist.applySetChecker
DA:30,0
BRDA:30,1,0,-
BRDA:30,1,1,-
DA:31,0
DA:34,0
FN:34,SmartWalletWhitelist.approveWallet
FNDA:0,SmartWalletWhitelist.approveWallet
DA:35,0
BRDA:35,2,0,-
BRDA:35,2,1,-
DA:36,0
DA:38,0
DA:40,0
FN:40,SmartWalletWhitelist.revokeWallet
FNDA:0,SmartWalletWhitelist.revokeWallet
DA:41,0
BRDA:41,3,0,-
BRDA:41,3,1,-
DA:42,0
DA:44,0
DA:47,0
FN:47,SmartWalletWhitelist.check
FNDA:0,SmartWalletWhitelist.check
DA:48,0
DA:49,0
BRDA:49,4,0,-
BRDA:49,4,1,-
DA:50,0
DA:52,0
BRDA:52,5,0,-
DA:53,0
DA:56,0
FNF:6
FNH:0
LF:24
LH:0
BRF:11
BRH:0
end_of_record
TN:
SF:src/VMooneyFaucet.sol
DA:12,4
FN:12,VMooneyFaucet.constructor
FNDA:4,VMooneyFaucet.constructor
DA:13,4
DA:14,4
DA:15,4
DA:18,4
FN:18,VMooneyFaucet.drip
FNDA:4,VMooneyFaucet.drip
DA:19,4
BRDA:19,0,0,4
BRDA:19,0,1,-
DA:20,3
BRDA:20,1,0,3
BRDA:20,1,1,-
DA:21,2
BRDA:21,2,0,2
BRDA:21,2,1,-
DA:22,2
BRDA:22,3,0,1
BRDA:22,3,1,-
DA:23,1
FNF:2
FNH:2
LF:10
LH:10
BRF:8
BRH:4
end_of_record
TN:
SF:src/Vesting.sol
DA:18,26
FN:18,Vesting.constructor
FNDA:26,Vesting.constructor
DA:19,26
DA:20,26
DA:24,26
FN:24,Vesting.setToken
FNDA:26,Vesting.setToken
DA:25,26
BRDA:25,0,0,-
BRDA:25,0,1,-
DA:26,26
DA:31,8
FN:31,Vesting.totalReceived
FNDA:8,Vesting.totalReceived
DA:32,8
DA:36,8
FN:36,Vesting.vestedAmount
FNDA:8,Vesting.vestedAmount
DA:37,8
DA:38,8
BRDA:38,1,0,2
BRDA:38,1,1,6
DA:39,2
DA:40,6
BRDA:40,2,0,-
BRDA:40,2,1,6
DA:41,0
DA:44,6
DA:45,6
DA:50,2
FN:50,Vesting.withdraw
FNDA:2,Vesting.withdraw
DA:51,2
BRDA:51,3,0,-
BRDA:51,3,1,-
DA:52,2
DA:53,2
DA:54,2
BRDA:54,4,0,-
BRDA:54,4,1,-
DA:55,2
DA:56,2
BRDA:56,5,0,2
BRDA:56,5,1,-
FNF:5
FNH:5
LF:23
LH:22
BRF:12
BRH:4
end_of_record
TN:
SF:src/VotingEscrowDepositor.sol
DA:23,4
FN:23,VotingEscrowDepositor.constructor
FNDA:4,VotingEscrowDepositor.constructor
DA:24,4
DA:25,4
DA:28,1
FN:28,VotingEscrowDepositor.increaseWithdrawAmounts
FNDA:1,VotingEscrowDepositor.increaseWithdrawAmounts
DA:29,1
BRDA:29,0,0,-
BRDA:29,0,1,-
DA:30,1
DA:31,1
DA:32,1
BRDA:32,1,0,1
DA:33,1
DA:35,1
DA:36,1
DA:38,1
BRDA:38,2,0,1
BRDA:38,2,1,-
DA:41,0
FN:41,VotingEscrowDepositor.clearWithdrawAmounts
FNDA:0,VotingEscrowDepositor.clearWithdrawAmounts
DA:42,0
DA:43,0
DA:45,0
DA:48,0
FN:48,VotingEscrowDepositor.withdraw
FNDA:0,VotingEscrowDepositor.withdraw
DA:49,0
DA:50,0
BRDA:50,3,0,-
BRDA:50,3,1,-
DA:51,0
DA:52,0
BRDA:52,4,0,-
BRDA:52,4,1,-
DA:53,0
DA:56,0
FN:56,VotingEscrowDepositor.returnTokens
FNDA:0,VotingEscrowDepositor.returnTokens
DA:57,0
DA:58,0
BRDA:58,5,0,-
BRDA:58,5,1,-
DA:61,0
FN:61,VotingEscrowDepositor.sendVotingEscrowTokens
FNDA:0,VotingEscrowDepositor.sendVotingEscrowTokens
DA:62,0
BRDA:62,6,0,-
BRDA:62,6,1,-
DA:63,0
FNF:6
FNH:2
LF:28
LH:12
BRF:13
BRH:2
end_of_record
TN:
SF:src/Whitelist.sol
DA:12,0
FN:12,Whitelist.addToWhitelist
FNDA:0,Whitelist.addToWhitelist
DA:13,0
DA:16,0
FN:16,Whitelist.batchAddToWhitelist
FNDA:0,Whitelist.batchAddToWhitelist
DA:17,0
DA:18,0
DA:22,0
FN:22,Whitelist.removeFromWhitelist
FNDA:0,Whitelist.removeFromWhitelist
DA:23,0
DA:26,58
FN:26,Whitelist.isWhitelisted
FNDA:58,Whitelist.isWhitelisted
DA:27,58
FNF:4
FNH:1
LF:9
LH:2
BRF:0
BRH:0
end_of_record
TN:
SF:src/tables/CitizenRowController.sol
DA:16,0
FN:16,CitizenRowController.constructor
FNDA:0,CitizenRowController.constructor
DA:17,0
DA:22,0
FN:22,CitizenRowController.addTableOwner
FNDA:0,CitizenRowController.addTableOwner
DA:23,0
DA:27,0
FN:27,CitizenRowController.removeTableOwner
FNDA:0,CitizenRowController.removeTableOwner
DA:28,0
DA:29,0
BRDA:29,0,0,-
DA:30,0
DA:31,0
DA:32,0
DA:37,0
FN:37,CitizenRowController.isTableOnwer
FNDA:0,CitizenRowController.isTableOnwer
DA:39,0
DA:40,0
DA:41,0
BRDA:41,1,0,-
DA:42,0
DA:43,0
DA:46,0
DA:49,0
FN:49,CitizenRowController.getPolicy
FNDA:0,CitizenRowController.getPolicy
DA:55,0
BRDA:55,2,0,-
DA:56,0
DA:69,0
DA:70,0
DA:76,0
DA:78,0
DA:79,0
DA:80,0
DA:81,0
DA:82,0
DA:83,0
DA:84,0
DA:85,0
DA:86,0
DA:87,0
DA:90,0
FNF:5
FNH:0
LF:34
LH:0
BRF:3
BRH:0
end_of_record
TN:
SF:src/tables/CitizenTableV2.sol
DA:16,3
FN:16,MoonDAOCitizenTable.constructor
FNDA:3,MoonDAOCitizenTable.constructor
DA:17,3
DA:18,3
DA:37,0
FN:37,MoonDAOCitizenTable.onlyOperators
FNDA:0,MoonDAOCitizenTable.onlyOperators
DA:38,0
BRDA:38,0,0,-
BRDA:38,0,1,-
DA:42,0
FN:42,MoonDAOCitizenTable.setCitizenAddress
FNDA:0,MoonDAOCitizenTable.setCitizenAddress
DA:43,0
DA:46,2
FN:46,MoonDAOCitizenTable.addColumn
FNDA:2,MoonDAOCitizenTable.addColumn
DA:47,2
DA:56,2
DA:63,1
FN:63,MoonDAOCitizenTable.deleteColumn
FNDA:1,MoonDAOCitizenTable.deleteColumn
DA:64,1
DA:71,1
DA:79,0
FN:79,MoonDAOCitizenTable.insertIntoTable
FNDA:0,MoonDAOCitizenTable.insertIntoTable
DA:80,0
DA:106,0
DA:118,1
FN:118,MoonDAOCitizenTable.updateTableDynamic
FNDA:1,MoonDAOCitizenTable.updateTableDynamic
DA:119,1
BRDA:119,1,0,-
BRDA:119,1,1,-
DA:122,1
DA:124,1
DA:125,1
DA:128,1
DA:133,1
DA:142,0
FN:142,MoonDAOCitizenTable.deleteFromTable
FNDA:0,MoonDAOCitizenTable.deleteFromTable
DA:144,0
DA:149,0
DA:157,0
FN:157,MoonDAOCitizenTable.setAccessControl
FNDA:0,MoonDAOCitizenTable.setAccessControl
DA:158,0
DA:166,0
FN:166,MoonDAOCitizenTable.getTableId
FNDA:0,MoonDAOCitizenTable.getTableId
DA:167,0
DA:171,0
FN:171,MoonDAOCitizenTable.getTableName
FNDA:0,MoonDAOCitizenTable.getTableName
DA:172,0
DA:175,0
FN:175,MoonDAOCitizenTable._getTableName
FNDA:0,MoonDAOCitizenTable._getTableName
DA:176,0
DA:180,0
FN:180,MoonDAOCitizenTable.generateURITemplate
FNDA:0,MoonDAOCitizenTable.generateURITemplate
DA:181,0
FNF:13
FNH:4
LF:36
LH:16
BRF:4
BRH:0
end_of_record
TN:
SF:src/tables/Distribution.sol
DA:25,2
FN:25,Distribution.constructor
FNDA:2,Distribution.constructor
DA:26,2
DA:27,2
DA:33,1
FN:33,Distribution.insertIntoTable
FNDA:1,Distribution.insertIntoTable
DA:34,1
DA:56,1
FN:56,Distribution.updateTableCol
FNDA:1,Distribution.updateTableCol
DA:57,1
DA:81,0
FN:81,Distribution.deleteFromTable
FNDA:0,Distribution.deleteFromTable
DA:82,0
DA:99,0
FN:99,Distribution.setAccessControl
FNDA:0,Distribution.setAccessControl
DA:100,0
DA:107,0
FN:107,Distribution.getTableId
FNDA:0,Distribution.getTableId
DA:108,0
DA:111,0
FN:111,Distribution.getTableName
FNDA:0,Distribution.getTableName
DA:112,0
FNF:7
FNH:3
LF:15
LH:7
BRF:0
BRH:0
end_of_record
TN:
SF:src/tables/JobBoardTable.sol
DA:22,0
FN:22,JobBoardTable.constructor
FNDA:0,JobBoardTable.constructor
DA:23,0
DA:24,0
DA:41,0
FN:41,JobBoardTable.setMoonDaoTeam
FNDA:0,JobBoardTable.setMoonDaoTeam
DA:42,0
DA:46,0
FN:46,JobBoardTable.insertIntoTable
FNDA:0,JobBoardTable.insertIntoTable
DA:47,0
BRDA:47,0,0,-
DA:48,0
BRDA:48,1,0,-
BRDA:48,1,1,-
DA:50,0
DA:69,0
DA:79,0
DA:80,0
DA:81,0
DA:84,0
FN:84,JobBoardTable.updateTable
FNDA:0,JobBoardTable.updateTable
DA:86,0
BRDA:86,2,0,-
DA:87,0
BRDA:87,3,0,-
BRDA:87,3,1,-
DA:89,0
BRDA:89,4,0,-
BRDA:89,4,1,-
DA:92,0
DA:109,0
DA:114,0
DA:119,0
DA:122,0
FN:122,JobBoardTable.updateTableCol
FNDA:0,JobBoardTable.updateTableCol
DA:123,0
BRDA:123,5,0,-
BRDA:123,5,1,-
DA:124,0
BRDA:124,6,0,-
BRDA:124,6,1,-
DA:125,0
BRDA:125,7,0,-
DA:126,0
BRDA:126,8,0,-
BRDA:126,8,1,-
DA:130,0
DA:132,0
DA:137,0
DA:142,0
DA:147,0
FN:147,JobBoardTable.deleteFromTable
FNDA:0,JobBoardTable.deleteFromTable
DA:148,0
BRDA:148,9,0,-
DA:149,0
BRDA:149,10,0,-
BRDA:149,10,1,-
DA:151,0
BRDA:151,11,0,-
BRDA:151,11,1,-
DA:154,0
DA:159,0
DA:164,0
DA:168,0
FN:168,JobBoardTable.setAccessControl
FNDA:0,JobBoardTable.setAccessControl
DA:169,0
DA:177,0
FN:177,JobBoardTable.getTableId
FNDA:0,JobBoardTable.getTableId
DA:178,0
DA:182,0
FN:182,JobBoardTable.getTableName
FNDA:0,JobBoardTable.getTableName
DA:183,0
FNF:9
FNH:0
LF:43
LH:0
BRF:20
BRH:0
end_of_record
TN:
SF:src/tables/MarketplaceTable.sol
DA:22,0
FN:22,MarketplaceTable.constructor
FNDA:0,MarketplaceTable.constructor
DA:23,0
DA:24,0
DA:45,0
FN:45,MarketplaceTable.setMoonDaoTeam
FNDA:0,MarketplaceTable.setMoonDaoTeam
DA:46,0
DA:50,0
FN:50,MarketplaceTable.insertIntoTable
FNDA:0,MarketplaceTable.insertIntoTable
DA:51,0
BRDA:51,0,0,-
DA:52,0
BRDA:52,1,0,-
BRDA:52,1,1,-
DA:54,0
DA:81,0
DA:91,0
DA:92,0
DA:93,0
DA:96,0
FN:96,MarketplaceTable.updateTable
FNDA:0,MarketplaceTable.updateTable
DA:98,0
BRDA:98,2,0,-
DA:99,0
BRDA:99,3,0,-
BRDA:99,3,1,-
DA:101,0
BRDA:101,4,0,-
BRDA:101,4,1,-
DA:104,0
DA:129,0
DA:134,0
DA:139,0
DA:143,0
FN:143,MarketplaceTable.updateTableCol
FNDA:0,MarketplaceTable.updateTableCol
DA:144,0
BRDA:144,5,0,-
BRDA:144,5,1,-
DA:145,0
BRDA:145,6,0,-
BRDA:145,6,1,-
DA:146,0
BRDA:146,7,0,-
DA:147,0
BRDA:147,8,0,-
BRDA:147,8,1,-
DA:151,0
DA:153,0
DA:158,0
DA:163,0
DA:168,0
FN:168,MarketplaceTable.deleteFromTable
FNDA:0,MarketplaceTable.deleteFromTable
DA:169,0
BRDA:169,9,0,-
DA:170,0
BRDA:170,10,0,-
BRDA:170,10,1,-
DA:173,0
BRDA:173,11,0,-
BRDA:173,11,1,-
DA:176,0
DA:181,0
DA:186,0
DA:190,0
FN:190,MarketplaceTable.setAccessControl
FNDA:0,MarketplaceTable.setAccessControl
DA:191,0
DA:199,0
FN:199,MarketplaceTable.getTableId
FNDA:0,MarketplaceTable.getTableId
DA:200,0
DA:204,0
FN:204,MarketplaceTable.getTableName
FNDA:0,MarketplaceTable.getTableName
DA:205,0
FNF:9
FNH:0
LF:43
LH:0
BRF:20
BRH:0
end_of_record
TN:
SF:src/tables/MissionTable.sol
DA:25,13
FN:25,MissionTable.onlyOperators
FNDA:13,MissionTable.onlyOperators
DA:26,13
BRDA:26,0,0,13
BRDA:26,0,1,13
DA:30,18
FN:30,MissionTable.constructor
FNDA:18,MissionTable.constructor
DA:31,18
DA:32,18
DA:33,18
DA:45,0
FN:45,MissionTable.setMoonDaoTeam
FNDA:0,MissionTable.setMoonDaoTeam
DA:46,0
DA:49,0
FN:49,MissionTable.setMissionCreator
FNDA:0,MissionTable.setMissionCreator
DA:50,0
DA:53,0
FN:53,MissionTable.addColumn
FNDA:0,MissionTable.addColumn
DA:54,0
DA:63,0
DA:70,0
FN:70,MissionTable.deleteColumn
FNDA:0,MissionTable.deleteColumn
DA:71,0
DA:78,0
DA:85,13
FN:85,MissionTable.insertIntoTable
FNDA:13,MissionTable.insertIntoTable
DA:86,13
DA:96,13
DA:106,13
DA:107,13
DA:108,13
DA:109,13
DA:112,0
FN:112,MissionTable.updateTableDynamic
FNDA:0,MissionTable.updateTableDynamic
DA:113,0
BRDA:113,1,0,-
DA:114,0
BRDA:114,2,0,-
BRDA:114,2,1,-
DA:117,0
BRDA:117,3,0,-
BRDA:117,3,1,-
DA:120,0
DA:122,0
DA:123,0
DA:126,0
DA:133,0
DA:138,0
DA:141,0
FN:141,MissionTable.updateTableCol
FNDA:0,MissionTable.updateTableCol
DA:142,0
BRDA:142,4,0,-
BRDA:142,4,1,-
DA:143,0
BRDA:143,5,0,-
BRDA:143,5,1,-
DA:144,0
BRDA:144,6,0,-
DA:145,0
BRDA:145,7,0,-
BRDA:145,7,1,-
DA:149,0
DA:151,0
DA:156,0
DA:161,0
DA:164,0
FN:164,MissionTable.deleteFromTable
FNDA:0,MissionTable.deleteFromTable
DA:165,0
BRDA:165,8,0,-
DA:166,0
BRDA:166,9,0,-
BRDA:166,9,1,-
DA:170,0
DA:175,0
DA:180,0
DA:184,0
FN:184,MissionTable.setAccessControl
FNDA:0,MissionTable.setAccessControl
DA:185,0
DA:193,0
FN:193,MissionTable.getTableId
FNDA:0,MissionTable.getTableId
DA:194,0
DA:198,0
FN:198,MissionTable.getTableName
FNDA:0,MissionTable.getTableName
DA:199,0
FNF:13
FNH:3
LF:54
LH:13
BRF:17
BRH:2
end_of_record
TN:
SF:src/tables/MoonDaoTableland.sol
DA:13,0
FN:13,MoonDaoCitizenTableland.constructor
FNDA:0,MoonDaoCitizenTableland.constructor
DA:14,0
DA:15,0
DA:35,0
FN:35,MoonDaoCitizenTableland.insertIntoTable
FNDA:0,MoonDaoCitizenTableland.insertIntoTable
DA:36,0
DA:62,0
DA:74,0
FN:74,MoonDaoCitizenTableland.updateTable
FNDA:0,MoonDaoCitizenTableland.updateTable
DA:76,0
DA:101,0
DA:106,0
DA:114,0
FN:114,MoonDaoCitizenTableland.updateTableCol
FNDA:0,MoonDaoCitizenTableland.updateTableCol
DA:116,0
DA:122,0
DA:127,0
DA:135,0
FN:135,MoonDaoCitizenTableland.deleteFromTable
FNDA:0,MoonDaoCitizenTableland.deleteFromTable
DA:137,0
DA:142,0
DA:150,0
FN:150,MoonDaoCitizenTableland.setAccessControl
FNDA:0,MoonDaoCitizenTableland.setAccessControl
DA:151,0
DA:159,0
FN:159,MoonDaoCitizenTableland.getTableId
FNDA:0,MoonDaoCitizenTableland.getTableId
DA:160,0
DA:164,0
FN:164,MoonDaoCitizenTableland.getTableName
FNDA:0,MoonDaoCitizenTableland.getTableName
DA:165,0
FNF:8
FNH:0
LF:23
LH:0
BRF:0
BRH:0
end_of_record
TN:
SF:src/tables/MoonDaoTeamTableland.sol
DA:15,19
FN:15,MoonDaoTeamTableland.constructor
FNDA:19,MoonDaoTeamTableland.constructor
DA:16,19
DA:17,19
DA:34,19
FN:34,MoonDaoTeamTableland.setMoonDaoTeam
FNDA:19,MoonDaoTeamTableland.setMoonDaoTeam
DA:35,19
DA:39,14
FN:39,MoonDaoTeamTableland.insertIntoTable
FNDA:14,MoonDaoTeamTableland.insertIntoTable
DA:40,14
DA:61,14
DA:73,0
FN:73,MoonDaoTeamTableland.updateTable
FNDA:0,MoonDaoTeamTableland.updateTable
DA:75,0
BRDA:75,0,0,-
BRDA:75,0,1,-
DA:78,0
DA:97,0
DA:102,0
DA:110,0
FN:110,MoonDaoTeamTableland.updateTableCol
FNDA:0,MoonDaoTeamTableland.updateTableCol
DA:111,0
BRDA:111,1,0,-
BRDA:111,1,1,-
DA:114,0
DA:116,0
DA:121,0
DA:130,0
FN:130,MoonDaoTeamTableland.deleteFromTable
FNDA:0,MoonDaoTeamTableland.deleteFromTable
DA:131,0
BRDA:131,2,0,-
BRDA:131,2,1,-
DA:134,0
DA:139,0
DA:147,0
FN:147,MoonDaoTeamTableland.setAccessControl
FNDA:0,MoonDaoTeamTableland.setAccessControl
DA:148,0
DA:156,0
FN:156,MoonDaoTeamTableland.getTableId
FNDA:0,MoonDaoTeamTableland.getTableId
DA:157,0
DA:161,0
FN:161,MoonDaoTeamTableland.getTableName
FNDA:0,MoonDaoTeamTableland.getTableName
DA:162,0
FNF:9
FNH:3
LF:28
LH:8
BRF:6
BRH:0
end_of_record
TN:
SF:src/tables/NFTURITemplateGenerator.sol
DA:5,1
FN:5,NFTURITemplateGenerator.generateURITemplate
FNDA:1,NFTURITemplateGenerator.generateURITemplate
DA:6,1
BRDA:6,0,0,-
BRDA:6,0,1,-
DA:8,1
DA:9,1
DA:10,1
DA:13,1
DA:14,1
DA:15,1
DA:16,1
DA:17,1
DA:20,1
DA:21,4
DA:29,4
BRDA:29,1,0,3
DA:30,3
DA:35,1
DA:37,1
DA:38,6
DA:47,6
BRDA:47,2,0,5
DA:48,5
DA:52,1
DA:53,1
FNF:1
FNH:1
LF:21
LH:21
BRF:4
BRH:2
end_of_record
TN:
SF:src/tables/Project.sol
DA:18,7
FN:18,Project.constructor
FNDA:7,Project.constructor
DA:19,7
DA:20,7
DA:47,7
FN:47,Project.setProjectTeam
FNDA:7,Project.setProjectTeam
DA:48,7
DA:52,6
FN:52,Project.insertIntoTable
FNDA:6,Project.insertIntoTable
DA:54,6
BRDA:54,0,0,6
BRDA:54,0,1,-
DA:55,6
DA:86,6
DA:98,2
FN:98,Project.updateTableColManager
FNDA:2,Project.updateTableColManager
DA:99,2
DA:118,3
FN:118,Project.updateFinalReportIPFS
FNDA:3,Project.updateFinalReportIPFS
DA:119,3
BRDA:119,1,0,1
BRDA:119,1,1,-
DA:120,2
DA:123,0
FN:123,Project.updateFinalReportLink
FNDA:0,Project.updateFinalReportLink
DA:124,0
BRDA:124,2,0,-
BRDA:124,2,1,-
DA:125,0
DA:128,0
FN:128,Project.updateRewardDistribution
FNDA:0,Project.updateRewardDistribution
DA:129,0
BRDA:129,3,0,-
BRDA:129,3,1,-
DA:130,0
DA:133,0
FN:133,Project.updateQuarterAndYear
FNDA:0,Project.updateQuarterAndYear
DA:134,0
BRDA:134,4,0,-
BRDA:134,4,1,-
DA:135,0
DA:136,0
DA:139,0
FN:139,Project.updateDescription
FNDA:0,Project.updateDescription
DA:140,0
BRDA:140,5,0,-
BRDA:140,5,1,-
DA:141,0
DA:144,0
FN:144,Project.updateImage
FNDA:0,Project.updateImage
DA:145,0
BRDA:145,6,0,-
BRDA:145,6,1,-
DA:146,0
DA:149,1
FN:149,Project.updateTableCol
FNDA:1,Project.updateTableCol
DA:150,1
DA:170,0
FN:170,Project.setAccessControl
FNDA:0,Project.setAccessControl
DA:171,0
DA:178,0
FN:178,Project.getTableId
FNDA:0,Project.getTableId
DA:179,0
DA:182,0
FN:182,Project.getTableName
FNDA:0,Project.getTableName
DA:183,0
DA:186,0
FN:186,Project.getPolicy
FNDA:0,Project.getPolicy
DA:190,0
FNF:15
FNH:6
LF:40
LH:16
BRF:14
BRH:2
end_of_record
TN:
SF:src/tables/TeamRowController.sol
DA:13,0
FN:13,TeamRowController.constructor
FNDA:0,TeamRowController.constructor
DA:14,0
DA:17,0
FN:17,TeamRowController.addTableOwner
FNDA:0,TeamRowController.addTableOwner
DA:18,0
DA:21,0
FN:21,TeamRowController.removeTableOwner
FNDA:0,TeamRowController.removeTableOwner
DA:22,0
DA:23,0
BRDA:23,0,0,-
DA:24,0
DA:25,0
DA:26,0
DA:31,0
FN:31,TeamRowController.isTableOnwer
FNDA:0,TeamRowController.isTableOnwer
DA:33,0
DA:34,0
DA:35,0
BRDA:35,1,0,-
DA:36,0
DA:37,0
DA:40,0
DA:43,0
FN:43,TeamRowController.getPolicy
FNDA:0,TeamRowController.getPolicy
DA:50,0
BRDA:50,2,0,-
DA:51,0
DA:64,0
DA:65,0
DA:71,0
DA:72,0
DA:75,0
FNF:5
FNH:0
LF:25
LH:0
BRF:3
BRH:0
end_of_record
TN:
SF:src/tables/TeamTableV2.sol
DA:18,2
FN:18,MoonDAOTeamTable.onlyOperators
FNDA:2,MoonDAOTeamTable.onlyOperators
DA:19,2
BRDA:19,0,0,-
BRDA:19,0,1,-
DA:23,3
FN:23,MoonDAOTeamTable.constructor
FNDA:3,MoonDAOTeamTable.constructor
DA:24,3
DA:25,3
DA:43,3
FN:43,MoonDAOTeamTable.setMoonDaoTeam
FNDA:3,MoonDAOTeamTable.setMoonDaoTeam
DA:44,3
DA:47,3
FN:47,MoonDAOTeamTable.setTeamCreatorAddress
FNDA:3,MoonDAOTeamTable.setTeamCreatorAddress
DA:48,3
DA:51,1
FN:51,MoonDAOTeamTable.addColumn
FNDA:1,MoonDAOTeamTable.addColumn
DA:52,1
DA:61,1
DA:68,1
FN:68,MoonDAOTeamTable.deleteColumn
FNDA:1,MoonDAOTeamTable.deleteColumn
DA:69,1
DA:76,1
DA:83,2
FN:83,MoonDAOTeamTable.insertIntoTable
FNDA:2,MoonDAOTeamTable.insertIntoTable
DA:84,2
DA:105,2
DA:117,0
FN:117,MoonDAOTeamTable.insertIntoTableDynamic
FNDA:0,MoonDAOTeamTable.insertIntoTableDynamic
DA:118,0
BRDA:118,1,0,-
BRDA:118,1,1,-
DA:121,0
DA:122,0
DA:124,0
DA:125,0
DA:126,0
DA:129,0
DA:141,2
FN:141,MoonDAOTeamTable.updateTableDynamic
FNDA:2,MoonDAOTeamTable.updateTableDynamic
DA:142,2
BRDA:142,2,0,-
BRDA:142,2,1,-
DA:143,2
BRDA:143,3,0,1
BRDA:143,3,1,-
DA:146,1
DA:148,1
DA:149,7
DA:152,1
DA:157,1
DA:165,0
FN:165,MoonDAOTeamTable.deleteFromTable
FNDA:0,MoonDAOTeamTable.deleteFromTable
DA:166,0
BRDA:166,4,0,-
BRDA:166,4,1,-
DA:169,0
DA:174,0
DA:182,0
FN:182,MoonDAOTeamTable.setAccessControl
FNDA:0,MoonDAOTeamTable.setAccessControl
DA:183,0
DA:191,0
FN:191,MoonDAOTeamTable.getTableId
FNDA:0,MoonDAOTeamTable.getTableId
DA:192,0
DA:196,0
FN:196,MoonDAOTeamTable.getTableName
FNDA:0,MoonDAOTeamTable.getTableName
DA:197,0
DA:200,0
FN:200,MoonDAOTeamTable._getTableName
FNDA:0,MoonDAOTeamTable._getTableName
DA:201,0
DA:205,0
FN:205,MoonDAOTeamTable.generateURITemplate
FNDA:0,MoonDAOTeamTable.generateURITemplate
DA:206,0
FNF:15
FNH:8
LF:48
LH:26
BRF:10
BRH:1
end_of_record
TN:
SF:test/VMooneyFaucet.t.sol
DA:9,8
FN:9,MockERC20.constructor
FNDA:8,MockERC20.constructor
DA:10,8
DA:13,10
FN:13,MockERC20.mint
FNDA:10,MockERC20.mint
DA:14,10
FNF:2
FNH:2
LF:4
LH:4
BRF:0
BRH:0
end_of_record
